[2026-06-22 11:36:34] Watching: C:\Users\miket\AppData\Local\Zwift\Logs\Log.txt
[2026-06-22 11:45:43] Watching: C:\Users\miket\AppData\Local\Zwift\Logs\Log.txt
[2026-06-22 11:52:05] Watching: C:\Users\miket\AppData\Local\Zwift\Logs\Log.txt
[2026-06-22 11:52:34] Log rotation detected -- Zwift recreated Log.txt. Reopening.
[2026-06-22 11:52:35] Reopened Log.txt after rotation. Scanning from start.
[2026-06-22 11:53:34] JOINED_EVENT detected. Watching for event start time...
[2026-06-22 11:53:34] Event starts in -42215s, below the 30s threshold -- skipping reminder per spec.
[2026-06-22 11:56:50] Watching: C:\Users\miket\AppData\Local\Zwift\Logs\Log.txt
[2026-06-22 11:57:10] Log rotation detected -- Zwift recreated Log.txt. Reopening.
[2026-06-22 11:57:11] Reopened Log.txt after rotation. Scanning from start.
[2026-06-22 11:58:16] JOINED_EVENT detected. Watching for event start time...
[2026-06-22 11:58:16] Event starts in -13698s, below the 30s threshold -- skipping reminder per spec.
[2026-06-22 12:00:50] Watching: C:\Users\miket\AppData\Local\Zwift\Logs\Log.txt
[2026-06-22 12:01:04] Log rotation detected -- Zwift recreated Log.txt. Reopening.
[2026-06-22 12:01:05] Reopened Log.txt after rotation. Scanning from start.
[2026-06-22 12:02:35] JOINED_EVENT detected. Watching for event start time...
[2026-06-22 12:02:35] Event starts in -13955s, below the 30s threshold -- skipping reminder per spec.
[2026-06-22 12:10:31] Watching: C:\Users\miket\AppData\Local\Zwift\Logs\Log.txt
[2026-06-22 12:11:01] Log rotation detected -- Zwift recreated Log.txt. Reopening.
[2026-06-22 12:11:02] Reopened Log.txt after rotation. Scanning from start.
[2026-06-22 12:12:17] JOINED_EVENT detected. Watching for event start time...
[2026-06-22 12:12:17] Event start timestamp (2026-06-22 00:30:00) appears stale (-42137s). Likely a recurring event with an outdated timestamp -- showing reminder anyway.
[2026-06-22 12:20:29] Watching: C:\Users\miket\AppData\Local\Zwift\Logs\Log.txt
[2026-06-22 12:20:39] Log rotation detected -- Zwift recreated Log.txt. Reopening.
[2026-06-22 12:20:40] Reopened Log.txt after rotation. Scanning from start.
[2026-06-22 12:21:37] JOINED_EVENT detected. Watching for event start time...
[2026-06-22 12:21:37] Event start timestamp (2026-06-22 00:29:59) appears stale (-42699s). Likely a recurring event with an outdated timestamp -- showing reminder anyway.
[2026-06-23 11:07:24] Watching: C:\Users\miket\AppData\Local\Zwift\Logs\Log.txt
[2026-06-23 11:08:51] Log rotation detected -- Zwift recreated Log.txt. Reopening.
[2026-06-23 11:08:52] Reopened Log.txt after rotation. Scanning from start.
[2026-06-23 11:10:43] JOINED_EVENT detected. Watching for event start time...
[2026-06-23 11:10:43] Event start detected: 2026-06-23 11:40:00. Showing reminder now (1756s before start).
[2026-06-23 12:19:55] Log rotation detected -- Zwift recreated Log.txt. Reopening.
[2026-06-23 12:19:56] Reopened Log.txt after rotation. Scanning from start.
